<?xml version="1.0" encoding="UTF-8"?>
<!-- Generated by org.testng.reporters.JUnitXMLReporter -->
<testsuite ignored="0" hostname="DESKTOP-R6E3P6M" failures="0" tests="1" name="Test-Runner-Firefox" time="8.719" errors="0" timestamp="2025-06-16T14:01:45 IST">
  <testcase classname="Inventorytests.AddToCart" name="tc_001_AddProductToCartTest" time="0.752"/>
</testsuite> <!-- Test-Runner-Firefox -->
