<?xml version="1.0" encoding="UTF-8"?>
<!-- Generated by org.testng.reporters.JUnitXMLReporter -->
<testsuite ignored="0" hostname="DESKTOP-R6E3P6M" failures="0" tests="1" name="Test-Runner2" time="0.216" errors="0" timestamp="2025-06-17T12:21:19 IST">
  <testcase classname="Inventorytests.AddLowestPriceProductToCart" name="tc_002_AddLowestPriceProductToCartTest" time="0.0">
    <skipped/>
  </testcase> <!-- tc_002_AddLowestPriceProductToCartTest -->
</testsuite> <!-- Test-Runner2 -->
