<?xml version="1.0" encoding="UTF-8"?>
<!-- Generated by org.testng.reporters.JUnitReportReporter -->
<testsuite hostname="DESKTOP-R6E3P6M" failures="0" tests="2" name="Inventorytests.AddToCart" time="5.876" errors="0" timestamp="2025-06-30T12:18:57 IST" skipped="0">
  <testcase classname="Inventorytests.AddToCart" name="tc_001_AddProductToCartTest" time="3.826"/>
  <testcase classname="Inventorytests.AddToCart" name="sample" time="2.050"/>
</testsuite> <!-- Inventorytests.AddToCart -->
