<?xml version="1.0" encoding="UTF-8"?>
<!-- Generated by org.testng.reporters.JUnitReportReporter -->
<testsuite hostname="DESKTOP-R6E3P6M" failures="0" tests="1" name="Inventorytests.AddLowestPriceProductToCart" time="1.945" errors="0" timestamp="2025-06-21T13:08:36 IST" skipped="0">
  <testcase classname="Inventorytests.AddLowestPriceProductToCart" name="tc_002_AddLowestPriceProductToCartTest" time="1.945"/>
</testsuite> <!-- Inventorytests.AddLowestPriceProductToCart -->
