<?xml version="1.0" encoding="UTF-8"?>
<!-- Generated by org.testng.reporters.JUnitReportReporter -->
<testsuite hostname="DESKTOP-R6E3P6M" failures="0" tests="4" name="Practice.DataProvidePratice" time="0.024" errors="0" timestamp="2025-06-13T12:23:33 IST" skipped="0">
  <testcase classname="Practice.DataProvidePratice" name="createCustomer" time="0.002"/>
  <testcase classname="Practice.DataProvidePratice" name="createCustomer" time="0.018"/>
  <testcase classname="Practice.DataProvidePratice" name="createCustomer" time="0.002"/>
  <testcase classname="Practice.DataProvidePratice" name="createCustomer" time="0.002"/>
</testsuite> <!-- Practice.DataProvidePratice -->
